已經開始建置於 2016/3/16 下午 05:26:20。
     1>節點 2 (build 目標) 上的專案 "C:\Users\Scoly\Desktop\GPA-01-Robot\Robot_Panda\Robot_Panda\Robot_Panda.vcxproj"。
     1>InitializeBuildStatus:
         由於指定了 "AlwaysCreate"，因此正在建立 "Debug\Robot_Panda.unsuccessfulbuild"。
       ClCompile:
         C:\Program Files (x86)\Microsoft Visual Studio 10.0\VC\bin\CL.exe /c /ZI /nologo /W3 /WX- /Od /Oy- /D WIN32 /D _DEBUG /D _CONSOLE /D _UNICODE /D UNICODE /Gm /EHsc /RTC1 /MDd /GS /fp:precise /Zc:wchar_t /Zc:forScope /Fo"Debug\\" /Fd"Debug\vc100.pdb" /Gd /TP /analyze- /errorReport:prompt RobotPanda.cpp
         RobotPanda.cpp
     1>c:\users\scoly\desktop\gpa-01-robot\robot_panda\robot_panda\robotpanda.cpp(33): warning C4305: '引數' : 從 'double' 轉換為 'GLfloat'，是由較大的型別轉換為較小的型別，可能導致資料遺失
     1>c:\users\scoly\desktop\gpa-01-robot\robot_panda\robot_panda\robotpanda.cpp(33): warning C4305: '引數' : 從 'double' 轉換為 'GLfloat'，是由較大的型別轉換為較小的型別，可能導致資料遺失
     1>c:\users\scoly\desktop\gpa-01-robot\robot_panda\robot_panda\robotpanda.cpp(33): warning C4305: '引數' : 從 'double' 轉換為 'GLfloat'，是由較大的型別轉換為較小的型別，可能導致資料遺失
     1>c:\users\scoly\desktop\gpa-01-robot\robot_panda\robot_panda\robotpanda.cpp(38): warning C4305: '引數' : 從 'double' 轉換為 'GLfloat'，是由較大的型別轉換為較小的型別，可能導致資料遺失
     1>c:\users\scoly\desktop\gpa-01-robot\robot_panda\robot_panda\robotpanda.cpp(42): warning C4305: '引數' : 從 'double' 轉換為 'GLfloat'，是由較大的型別轉換為較小的型別，可能導致資料遺失
     1>c:\users\scoly\desktop\gpa-01-robot\robot_panda\robot_panda\robotpanda.cpp(42): warning C4305: '引數' : 從 'double' 轉換為 'GLfloat'，是由較大的型別轉換為較小的型別，可能導致資料遺失
     1>c:\users\scoly\desktop\gpa-01-robot\robot_panda\robot_panda\robotpanda.cpp(42): warning C4305: '引數' : 從 'double' 轉換為 'GLfloat'，是由較大的型別轉換為較小的型別，可能導致資料遺失
     1>c:\users\scoly\desktop\gpa-01-robot\robot_panda\robot_panda\robotpanda.cpp(43): warning C4305: '引數' : 從 'double' 轉換為 'GLfloat'，是由較大的型別轉換為較小的型別，可能導致資料遺失
     1>c:\users\scoly\desktop\gpa-01-robot\robot_panda\robot_panda\robotpanda.cpp(43): warning C4305: '引數' : 從 'double' 轉換為 'GLfloat'，是由較大的型別轉換為較小的型別，可能導致資料遺失
     1>c:\users\scoly\desktop\gpa-01-robot\robot_panda\robot_panda\robotpanda.cpp(43): warning C4305: '引數' : 從 'double' 轉換為 'GLfloat'，是由較大的型別轉換為較小的型別，可能導致資料遺失
     1>c:\users\scoly\desktop\gpa-01-robot\robot_panda\robot_panda\robotpanda.cpp(44): warning C4305: '引數' : 從 'double' 轉換為 'GLfloat'，是由較大的型別轉換為較小的型別，可能導致資料遺失
     1>c:\users\scoly\desktop\gpa-01-robot\robot_panda\robot_panda\robotpanda.cpp(44): warning C4305: '引數' : 從 'double' 轉換為 'GLfloat'，是由較大的型別轉換為較小的型別，可能導致資料遺失
     1>c:\users\scoly\desktop\gpa-01-robot\robot_panda\robot_panda\robotpanda.cpp(44): warning C4305: '引數' : 從 'double' 轉換為 'GLfloat'，是由較大的型別轉換為較小的型別，可能導致資料遺失
     1>c:\users\scoly\desktop\gpa-01-robot\robot_panda\robot_panda\robotpanda.cpp(45): warning C4305: '引數' : 從 'double' 轉換為 'GLfloat'，是由較大的型別轉換為較小的型別，可能導致資料遺失
     1>c:\users\scoly\desktop\gpa-01-robot\robot_panda\robot_panda\robotpanda.cpp(45): warning C4305: '引數' : 從 'double' 轉換為 'GLfloat'，是由較大的型別轉換為較小的型別，可能導致資料遺失
     1>c:\users\scoly\desktop\gpa-01-robot\robot_panda\robot_panda\robotpanda.cpp(45): warning C4305: '引數' : 從 'double' 轉換為 'GLfloat'，是由較大的型別轉換為較小的型別，可能導致資料遺失
     1>c:\users\scoly\desktop\gpa-01-robot\robot_panda\robot_panda\robotpanda.cpp(54): warning C4305: '引數' : 從 'double' 轉換為 'GLfloat'，是由較大的型別轉換為較小的型別，可能導致資料遺失
     1>c:\users\scoly\desktop\gpa-01-robot\robot_panda\robot_panda\robotpanda.cpp(54): warning C4305: '引數' : 從 'double' 轉換為 'GLfloat'，是由較大的型別轉換為較小的型別，可能導致資料遺失
     1>c:\users\scoly\desktop\gpa-01-robot\robot_panda\robot_panda\robotpanda.cpp(59): warning C4305: '引數' : 從 'double' 轉換為 'GLfloat'，是由較大的型別轉換為較小的型別，可能導致資料遺失
     1>c:\users\scoly\desktop\gpa-01-robot\robot_panda\robot_panda\robotpanda.cpp(69): warning C4305: '引數' : 從 'double' 轉換為 'GLfloat'，是由較大的型別轉換為較小的型別，可能導致資料遺失
     1>c:\users\scoly\desktop\gpa-01-robot\robot_panda\robot_panda\robotpanda.cpp(70): warning C4305: '引數' : 從 'double' 轉換為 'GLfloat'，是由較大的型別轉換為較小的型別，可能導致資料遺失
     1>c:\users\scoly\desktop\gpa-01-robot\robot_panda\robot_panda\robotpanda.cpp(75): warning C4305: '引數' : 從 'double' 轉換為 'GLfloat'，是由較大的型別轉換為較小的型別，可能導致資料遺失
     1>c:\users\scoly\desktop\gpa-01-robot\robot_panda\robot_panda\robotpanda.cpp(75): warning C4305: '引數' : 從 'double' 轉換為 'GLfloat'，是由較大的型別轉換為較小的型別，可能導致資料遺失
     1>c:\users\scoly\desktop\gpa-01-robot\robot_panda\robot_panda\robotpanda.cpp(77): warning C4305: '引數' : 從 'double' 轉換為 'GLfloat'，是由較大的型別轉換為較小的型別，可能導致資料遺失
     1>c:\users\scoly\desktop\gpa-01-robot\robot_panda\robot_panda\robotpanda.cpp(82): warning C4305: '引數' : 從 'double' 轉換為 'GLfloat'，是由較大的型別轉換為較小的型別，可能導致資料遺失
     1>c:\users\scoly\desktop\gpa-01-robot\robot_panda\robot_panda\robotpanda.cpp(82): warning C4305: '引數' : 從 'double' 轉換為 'GLfloat'，是由較大的型別轉換為較小的型別，可能導致資料遺失
     1>c:\users\scoly\desktop\gpa-01-robot\robot_panda\robot_panda\robotpanda.cpp(82): warning C4305: '引數' : 從 'double' 轉換為 'GLfloat'，是由較大的型別轉換為較小的型別，可能導致資料遺失
     1>c:\users\scoly\desktop\gpa-01-robot\robot_panda\robot_panda\robotpanda.cpp(84): warning C4305: '引數' : 從 'double' 轉換為 'GLfloat'，是由較大的型別轉換為較小的型別，可能導致資料遺失
     1>c:\users\scoly\desktop\gpa-01-robot\robot_panda\robot_panda\robotpanda.cpp(88): warning C4305: '引數' : 從 'double' 轉換為 'GLfloat'，是由較大的型別轉換為較小的型別，可能導致資料遺失
     1>c:\users\scoly\desktop\gpa-01-robot\robot_panda\robot_panda\robotpanda.cpp(88): warning C4305: '引數' : 從 'double' 轉換為 'GLfloat'，是由較大的型別轉換為較小的型別，可能導致資料遺失
     1>c:\users\scoly\desktop\gpa-01-robot\robot_panda\robot_panda\robotpanda.cpp(92): warning C4305: '引數' : 從 'double' 轉換為 'GLfloat'，是由較大的型別轉換為較小的型別，可能導致資料遺失
     1>c:\users\scoly\desktop\gpa-01-robot\robot_panda\robot_panda\robotpanda.cpp(92): warning C4305: '引數' : 從 'double' 轉換為 'GLfloat'，是由較大的型別轉換為較小的型別，可能導致資料遺失
     1>c:\users\scoly\desktop\gpa-01-robot\robot_panda\robot_panda\robotpanda.cpp(92): warning C4305: '引數' : 從 'double' 轉換為 'GLfloat'，是由較大的型別轉換為較小的型別，可能導致資料遺失
     1>c:\users\scoly\desktop\gpa-01-robot\robot_panda\robot_panda\robotpanda.cpp(94): warning C4305: '引數' : 從 'double' 轉換為 'GLfloat'，是由較大的型別轉換為較小的型別，可能導致資料遺失
     1>c:\users\scoly\desktop\gpa-01-robot\robot_panda\robot_panda\robotpanda.cpp(100): warning C4305: '引數' : 從 'double' 轉換為 'GLfloat'，是由較大的型別轉換為較小的型別，可能導致資料遺失
     1>c:\users\scoly\desktop\gpa-01-robot\robot_panda\robot_panda\robotpanda.cpp(100): warning C4305: '引數' : 從 'double' 轉換為 'GLfloat'，是由較大的型別轉換為較小的型別，可能導致資料遺失
     1>c:\users\scoly\desktop\gpa-01-robot\robot_panda\robot_panda\robotpanda.cpp(100): warning C4305: '引數' : 從 'double' 轉換為 'GLfloat'，是由較大的型別轉換為較小的型別，可能導致資料遺失
     1>c:\users\scoly\desktop\gpa-01-robot\robot_panda\robot_panda\robotpanda.cpp(108): warning C4305: '引數' : 從 'double' 轉換為 'GLfloat'，是由較大的型別轉換為較小的型別，可能導致資料遺失
     1>c:\users\scoly\desktop\gpa-01-robot\robot_panda\robot_panda\robotpanda.cpp(108): warning C4305: '引數' : 從 'double' 轉換為 'GLfloat'，是由較大的型別轉換為較小的型別，可能導致資料遺失
     1>c:\users\scoly\desktop\gpa-01-robot\robot_panda\robot_panda\robotpanda.cpp(108): warning C4305: '引數' : 從 'double' 轉換為 'GLfloat'，是由較大的型別轉換為較小的型別，可能導致資料遺失
     1>c:\users\scoly\desktop\gpa-01-robot\robot_panda\robot_panda\robotpanda.cpp(121): warning C4305: '引數' : 從 'double' 轉換為 'GLfloat'，是由較大的型別轉換為較小的型別，可能導致資料遺失
     1>c:\users\scoly\desktop\gpa-01-robot\robot_panda\robot_panda\robotpanda.cpp(121): warning C4305: '引數' : 從 'double' 轉換為 'GLfloat'，是由較大的型別轉換為較小的型別，可能導致資料遺失
     1>c:\users\scoly\desktop\gpa-01-robot\robot_panda\robot_panda\robotpanda.cpp(122): warning C4305: '引數' : 從 'double' 轉換為 'GLfloat'，是由較大的型別轉換為較小的型別，可能導致資料遺失
     1>c:\users\scoly\desktop\gpa-01-robot\robot_panda\robot_panda\robotpanda.cpp(134): warning C4305: '引數' : 從 'double' 轉換為 'GLfloat'，是由較大的型別轉換為較小的型別，可能導致資料遺失
     1>c:\users\scoly\desktop\gpa-01-robot\robot_panda\robot_panda\robotpanda.cpp(134): warning C4305: '引數' : 從 'double' 轉換為 'GLfloat'，是由較大的型別轉換為較小的型別，可能導致資料遺失
     1>c:\users\scoly\desktop\gpa-01-robot\robot_panda\robot_panda\robotpanda.cpp(141): warning C4305: '引數' : 從 'double' 轉換為 'GLfloat'，是由較大的型別轉換為較小的型別，可能導致資料遺失
     1>c:\users\scoly\desktop\gpa-01-robot\robot_panda\robot_panda\robotpanda.cpp(155): warning C4305: '引數' : 從 'double' 轉換為 'GLfloat'，是由較大的型別轉換為較小的型別，可能導致資料遺失
     1>c:\users\scoly\desktop\gpa-01-robot\robot_panda\robot_panda\robotpanda.cpp(156): warning C4305: '引數' : 從 'double' 轉換為 'GLfloat'，是由較大的型別轉換為較小的型別，可能導致資料遺失
     1>c:\users\scoly\desktop\gpa-01-robot\robot_panda\robot_panda\robotpanda.cpp(158): warning C4305: '引數' : 從 'double' 轉換為 'GLfloat'，是由較大的型別轉換為較小的型別，可能導致資料遺失
     1>c:\users\scoly\desktop\gpa-01-robot\robot_panda\robot_panda\robotpanda.cpp(158): warning C4305: '引數' : 從 'double' 轉換為 'GLfloat'，是由較大的型別轉換為較小的型別，可能導致資料遺失
     1>c:\users\scoly\desktop\gpa-01-robot\robot_panda\robot_panda\robotpanda.cpp(159): warning C4305: '引數' : 從 'double' 轉換為 'GLfloat'，是由較大的型別轉換為較小的型別，可能導致資料遺失
     1>c:\users\scoly\desktop\gpa-01-robot\robot_panda\robot_panda\robotpanda.cpp(161): warning C4305: '引數' : 從 'double' 轉換為 'GLfloat'，是由較大的型別轉換為較小的型別，可能導致資料遺失
     1>c:\users\scoly\desktop\gpa-01-robot\robot_panda\robot_panda\robotpanda.cpp(161): warning C4305: '引數' : 從 'double' 轉換為 'GLfloat'，是由較大的型別轉換為較小的型別，可能導致資料遺失
     1>c:\users\scoly\desktop\gpa-01-robot\robot_panda\robot_panda\robotpanda.cpp(162): warning C4305: '引數' : 從 'double' 轉換為 'GLfloat'，是由較大的型別轉換為較小的型別，可能導致資料遺失
     1>c:\users\scoly\desktop\gpa-01-robot\robot_panda\robot_panda\robotpanda.cpp(162): warning C4305: '引數' : 從 'double' 轉換為 'GLfloat'，是由較大的型別轉換為較小的型別，可能導致資料遺失
     1>c:\users\scoly\desktop\gpa-01-robot\robot_panda\robot_panda\robotpanda.cpp(164): warning C4305: '引數' : 從 'double' 轉換為 'GLfloat'，是由較大的型別轉換為較小的型別，可能導致資料遺失
     1>c:\users\scoly\desktop\gpa-01-robot\robot_panda\robot_panda\robotpanda.cpp(168): warning C4305: '引數' : 從 'double' 轉換為 'GLfloat'，是由較大的型別轉換為較小的型別，可能導致資料遺失
     1>c:\users\scoly\desktop\gpa-01-robot\robot_panda\robot_panda\robotpanda.cpp(169): warning C4305: '引數' : 從 'double' 轉換為 'GLfloat'，是由較大的型別轉換為較小的型別，可能導致資料遺失
     1>c:\users\scoly\desktop\gpa-01-robot\robot_panda\robot_panda\robotpanda.cpp(169): warning C4305: '引數' : 從 'double' 轉換為 'GLfloat'，是由較大的型別轉換為較小的型別，可能導致資料遺失
     1>c:\users\scoly\desktop\gpa-01-robot\robot_panda\robot_panda\robotpanda.cpp(176): warning C4305: '引數' : 從 'double' 轉換為 'GLfloat'，是由較大的型別轉換為較小的型別，可能導致資料遺失
     1>c:\users\scoly\desktop\gpa-01-robot\robot_panda\robot_panda\robotpanda.cpp(177): warning C4305: '引數' : 從 'double' 轉換為 'GLfloat'，是由較大的型別轉換為較小的型別，可能導致資料遺失
     1>c:\users\scoly\desktop\gpa-01-robot\robot_panda\robot_panda\robotpanda.cpp(179): warning C4305: '引數' : 從 'double' 轉換為 'GLfloat'，是由較大的型別轉換為較小的型別，可能導致資料遺失
     1>c:\users\scoly\desktop\gpa-01-robot\robot_panda\robot_panda\robotpanda.cpp(179): warning C4305: '引數' : 從 'double' 轉換為 'GLfloat'，是由較大的型別轉換為較小的型別，可能導致資料遺失
     1>c:\users\scoly\desktop\gpa-01-robot\robot_panda\robot_panda\robotpanda.cpp(180): warning C4305: '引數' : 從 'double' 轉換為 'GLfloat'，是由較大的型別轉換為較小的型別，可能導致資料遺失
     1>c:\users\scoly\desktop\gpa-01-robot\robot_panda\robot_panda\robotpanda.cpp(182): warning C4305: '引數' : 從 'double' 轉換為 'GLfloat'，是由較大的型別轉換為較小的型別，可能導致資料遺失
     1>c:\users\scoly\desktop\gpa-01-robot\robot_panda\robot_panda\robotpanda.cpp(182): warning C4305: '引數' : 從 'double' 轉換為 'GLfloat'，是由較大的型別轉換為較小的型別，可能導致資料遺失
     1>c:\users\scoly\desktop\gpa-01-robot\robot_panda\robot_panda\robotpanda.cpp(183): warning C4305: '引數' : 從 'double' 轉換為 'GLfloat'，是由較大的型別轉換為較小的型別，可能導致資料遺失
     1>c:\users\scoly\desktop\gpa-01-robot\robot_panda\robot_panda\robotpanda.cpp(183): warning C4305: '引數' : 從 'double' 轉換為 'GLfloat'，是由較大的型別轉換為較小的型別，可能導致資料遺失
     1>c:\users\scoly\desktop\gpa-01-robot\robot_panda\robot_panda\robotpanda.cpp(185): warning C4305: '引數' : 從 'double' 轉換為 'GLfloat'，是由較大的型別轉換為較小的型別，可能導致資料遺失
     1>c:\users\scoly\desktop\gpa-01-robot\robot_panda\robot_panda\robotpanda.cpp(189): warning C4305: '引數' : 從 'double' 轉換為 'GLfloat'，是由較大的型別轉換為較小的型別，可能導致資料遺失
     1>c:\users\scoly\desktop\gpa-01-robot\robot_panda\robot_panda\robotpanda.cpp(190): warning C4305: '引數' : 從 'double' 轉換為 'GLfloat'，是由較大的型別轉換為較小的型別，可能導致資料遺失
     1>c:\users\scoly\desktop\gpa-01-robot\robot_panda\robot_panda\robotpanda.cpp(190): warning C4305: '引數' : 從 'double' 轉換為 'GLfloat'，是由較大的型別轉換為較小的型別，可能導致資料遺失
     1>c:\users\scoly\desktop\gpa-01-robot\robot_panda\robot_panda\robotpanda.cpp(200): warning C4305: '引數' : 從 'double' 轉換為 'GLfloat'，是由較大的型別轉換為較小的型別，可能導致資料遺失
     1>c:\users\scoly\desktop\gpa-01-robot\robot_panda\robot_panda\robotpanda.cpp(200): warning C4305: '引數' : 從 'double' 轉換為 'GLfloat'，是由較大的型別轉換為較小的型別，可能導致資料遺失
     1>c:\users\scoly\desktop\gpa-01-robot\robot_panda\robot_panda\robotpanda.cpp(200): warning C4305: '引數' : 從 'double' 轉換為 'GLfloat'，是由較大的型別轉換為較小的型別，可能導致資料遺失
     1>c:\users\scoly\desktop\gpa-01-robot\robot_panda\robot_panda\robotpanda.cpp(201): warning C4305: '引數' : 從 'double' 轉換為 'GLfloat'，是由較大的型別轉換為較小的型別，可能導致資料遺失
     1>c:\users\scoly\desktop\gpa-01-robot\robot_panda\robot_panda\robotpanda.cpp(204): warning C4305: '引數' : 從 'double' 轉換為 'GLfloat'，是由較大的型別轉換為較小的型別，可能導致資料遺失
     1>c:\users\scoly\desktop\gpa-01-robot\robot_panda\robot_panda\robotpanda.cpp(213): warning C4305: '引數' : 從 'double' 轉換為 'GLfloat'，是由較大的型別轉換為較小的型別，可能導致資料遺失
     1>c:\users\scoly\desktop\gpa-01-robot\robot_panda\robot_panda\robotpanda.cpp(213): warning C4305: '引數' : 從 'double' 轉換為 'GLfloat'，是由較大的型別轉換為較小的型別，可能導致資料遺失
     1>c:\users\scoly\desktop\gpa-01-robot\robot_panda\robot_panda\robotpanda.cpp(213): warning C4305: '引數' : 從 'double' 轉換為 'GLfloat'，是由較大的型別轉換為較小的型別，可能導致資料遺失
     1>c:\users\scoly\desktop\gpa-01-robot\robot_panda\robot_panda\robotpanda.cpp(214): warning C4305: '引數' : 從 'double' 轉換為 'GLfloat'，是由較大的型別轉換為較小的型別，可能導致資料遺失
     1>c:\users\scoly\desktop\gpa-01-robot\robot_panda\robot_panda\robotpanda.cpp(217): warning C4305: '引數' : 從 'double' 轉換為 'GLfloat'，是由較大的型別轉換為較小的型別，可能導致資料遺失
     1>c:\users\scoly\desktop\gpa-01-robot\robot_panda\robot_panda\robotpanda.cpp(232): warning C4305: '引數' : 從 'double' 轉換為 'GLfloat'，是由較大的型別轉換為較小的型別，可能導致資料遺失
     1>c:\users\scoly\desktop\gpa-01-robot\robot_panda\robot_panda\robotpanda.cpp(235): warning C4305: '引數' : 從 'double' 轉換為 'GLfloat'，是由較大的型別轉換為較小的型別，可能導致資料遺失
     1>c:\users\scoly\desktop\gpa-01-robot\robot_panda\robot_panda\robotpanda.cpp(237): warning C4305: '引數' : 從 'double' 轉換為 'GLfloat'，是由較大的型別轉換為較小的型別，可能導致資料遺失
     1>c:\users\scoly\desktop\gpa-01-robot\robot_panda\robot_panda\robotpanda.cpp(239): warning C4305: '引數' : 從 'double' 轉換為 'GLfloat'，是由較大的型別轉換為較小的型別，可能導致資料遺失
     1>c:\users\scoly\desktop\gpa-01-robot\robot_panda\robot_panda\robotpanda.cpp(247): warning C4305: '引數' : 從 'double' 轉換為 'GLfloat'，是由較大的型別轉換為較小的型別，可能導致資料遺失
     1>c:\users\scoly\desktop\gpa-01-robot\robot_panda\robot_panda\robotpanda.cpp(252): warning C4305: '引數' : 從 'double' 轉換為 'GLfloat'，是由較大的型別轉換為較小的型別，可能導致資料遺失
     1>c:\users\scoly\desktop\gpa-01-robot\robot_panda\robot_panda\robotpanda.cpp(252): warning C4305: '引數' : 從 'double' 轉換為 'GLfloat'，是由較大的型別轉換為較小的型別，可能導致資料遺失
     1>c:\users\scoly\desktop\gpa-01-robot\robot_panda\robot_panda\robotpanda.cpp(258): warning C4305: '引數' : 從 'double' 轉換為 'GLfloat'，是由較大的型別轉換為較小的型別，可能導致資料遺失
     1>c:\users\scoly\desktop\gpa-01-robot\robot_panda\robot_panda\robotpanda.cpp(263): warning C4305: '引數' : 從 'double' 轉換為 'GLfloat'，是由較大的型別轉換為較小的型別，可能導致資料遺失
     1>c:\users\scoly\desktop\gpa-01-robot\robot_panda\robot_panda\robotpanda.cpp(263): warning C4305: '引數' : 從 'double' 轉換為 'GLfloat'，是由較大的型別轉換為較小的型別，可能導致資料遺失
     1>c:\users\scoly\desktop\gpa-01-robot\robot_panda\robot_panda\robotpanda.cpp(265): warning C4305: '引數' : 從 'double' 轉換為 'GLfloat'，是由較大的型別轉換為較小的型別，可能導致資料遺失
     1>c:\users\scoly\desktop\gpa-01-robot\robot_panda\robot_panda\robotpanda.cpp(265): warning C4305: '引數' : 從 'double' 轉換為 'GLfloat'，是由較大的型別轉換為較小的型別，可能導致資料遺失
     1>c:\users\scoly\desktop\gpa-01-robot\robot_panda\robot_panda\robotpanda.cpp(270): warning C4305: '引數' : 從 'double' 轉換為 'GLfloat'，是由較大的型別轉換為較小的型別，可能導致資料遺失
     1>c:\users\scoly\desktop\gpa-01-robot\robot_panda\robot_panda\robotpanda.cpp(270): warning C4305: '引數' : 從 'double' 轉換為 'GLfloat'，是由較大的型別轉換為較小的型別，可能導致資料遺失
     1>c:\users\scoly\desktop\gpa-01-robot\robot_panda\robot_panda\robotpanda.cpp(273): warning C4305: '引數' : 從 'double' 轉換為 'GLfloat'，是由較大的型別轉換為較小的型別，可能導致資料遺失
     1>c:\users\scoly\desktop\gpa-01-robot\robot_panda\robot_panda\robotpanda.cpp(273): warning C4305: '引數' : 從 'double' 轉換為 'GLfloat'，是由較大的型別轉換為較小的型別，可能導致資料遺失
     1>c:\users\scoly\desktop\gpa-01-robot\robot_panda\robot_panda\robotpanda.cpp(278): warning C4305: '引數' : 從 'double' 轉換為 'GLfloat'，是由較大的型別轉換為較小的型別，可能導致資料遺失
     1>c:\users\scoly\desktop\gpa-01-robot\robot_panda\robot_panda\robotpanda.cpp(278): warning C4305: '引數' : 從 'double' 轉換為 'GLfloat'，是由較大的型別轉換為較小的型別，可能導致資料遺失
     1>c:\users\scoly\desktop\gpa-01-robot\robot_panda\robot_panda\robotpanda.cpp(280): warning C4305: '引數' : 從 'double' 轉換為 'GLfloat'，是由較大的型別轉換為較小的型別，可能導致資料遺失
     1>c:\users\scoly\desktop\gpa-01-robot\robot_panda\robot_panda\robotpanda.cpp(280): warning C4305: '引數' : 從 'double' 轉換為 'GLfloat'，是由較大的型別轉換為較小的型別，可能導致資料遺失
     1>c:\users\scoly\desktop\gpa-01-robot\robot_panda\robot_panda\robotpanda.cpp(282): warning C4305: '引數' : 從 'double' 轉換為 'GLfloat'，是由較大的型別轉換為較小的型別，可能導致資料遺失
     1>c:\users\scoly\desktop\gpa-01-robot\robot_panda\robot_panda\robotpanda.cpp(282): warning C4305: '引數' : 從 'double' 轉換為 'GLfloat'，是由較大的型別轉換為較小的型別，可能導致資料遺失
     1>c:\users\scoly\desktop\gpa-01-robot\robot_panda\robot_panda\robotpanda.cpp(282): warning C4305: '引數' : 從 'double' 轉換為 'GLfloat'，是由較大的型別轉換為較小的型別，可能導致資料遺失
     1>c:\users\scoly\desktop\gpa-01-robot\robot_panda\robot_panda\robotpanda.cpp(288): warning C4305: '引數' : 從 'double' 轉換為 'GLfloat'，是由較大的型別轉換為較小的型別，可能導致資料遺失
     1>c:\users\scoly\desktop\gpa-01-robot\robot_panda\robot_panda\robotpanda.cpp(288): warning C4305: '引數' : 從 'double' 轉換為 'GLfloat'，是由較大的型別轉換為較小的型別，可能導致資料遺失
     1>c:\users\scoly\desktop\gpa-01-robot\robot_panda\robot_panda\robotpanda.cpp(290): warning C4305: '引數' : 從 'double' 轉換為 'GLfloat'，是由較大的型別轉換為較小的型別，可能導致資料遺失
     1>c:\users\scoly\desktop\gpa-01-robot\robot_panda\robot_panda\robotpanda.cpp(290): warning C4305: '引數' : 從 'double' 轉換為 'GLfloat'，是由較大的型別轉換為較小的型別，可能導致資料遺失
     1>c:\users\scoly\desktop\gpa-01-robot\robot_panda\robot_panda\robotpanda.cpp(290): warning C4305: '引數' : 從 'double' 轉換為 'GLfloat'，是由較大的型別轉換為較小的型別，可能導致資料遺失
     1>c:\users\scoly\desktop\gpa-01-robot\robot_panda\robot_panda\robotpanda.cpp(292): warning C4305: '引數' : 從 'double' 轉換為 'GLfloat'，是由較大的型別轉換為較小的型別，可能導致資料遺失
     1>c:\users\scoly\desktop\gpa-01-robot\robot_panda\robot_panda\robotpanda.cpp(292): warning C4305: '引數' : 從 'double' 轉換為 'GLfloat'，是由較大的型別轉換為較小的型別，可能導致資料遺失
     1>c:\users\scoly\desktop\gpa-01-robot\robot_panda\robot_panda\robotpanda.cpp(292): warning C4305: '引數' : 從 'double' 轉換為 'GLfloat'，是由較大的型別轉換為較小的型別，可能導致資料遺失
     1>c:\users\scoly\desktop\gpa-01-robot\robot_panda\robot_panda\robotpanda.cpp(297): warning C4305: '引數' : 從 'double' 轉換為 'GLfloat'，是由較大的型別轉換為較小的型別，可能導致資料遺失
     1>c:\users\scoly\desktop\gpa-01-robot\robot_panda\robot_panda\robotpanda.cpp(297): warning C4305: '引數' : 從 'double' 轉換為 'GLfloat'，是由較大的型別轉換為較小的型別，可能導致資料遺失
     1>c:\users\scoly\desktop\gpa-01-robot\robot_panda\robot_panda\robotpanda.cpp(302): warning C4305: '引數' : 從 'double' 轉換為 'GLfloat'，是由較大的型別轉換為較小的型別，可能導致資料遺失
     1>c:\users\scoly\desktop\gpa-01-robot\robot_panda\robot_panda\robotpanda.cpp(302): warning C4305: '引數' : 從 'double' 轉換為 'GLfloat'，是由較大的型別轉換為較小的型別，可能導致資料遺失
     1>c:\users\scoly\desktop\gpa-01-robot\robot_panda\robot_panda\robotpanda.cpp(307): warning C4305: '引數' : 從 'double' 轉換為 'GLfloat'，是由較大的型別轉換為較小的型別，可能導致資料遺失
     1>c:\users\scoly\desktop\gpa-01-robot\robot_panda\robot_panda\robotpanda.cpp(308): warning C4305: '引數' : 從 'double' 轉換為 'GLfloat'，是由較大的型別轉換為較小的型別，可能導致資料遺失
     1>c:\users\scoly\desktop\gpa-01-robot\robot_panda\robot_panda\robotpanda.cpp(308): warning C4305: '引數' : 從 'double' 轉換為 'GLfloat'，是由較大的型別轉換為較小的型別，可能導致資料遺失
     1>c:\users\scoly\desktop\gpa-01-robot\robot_panda\robot_panda\robotpanda.cpp(308): warning C4305: '引數' : 從 'double' 轉換為 'GLfloat'，是由較大的型別轉換為較小的型別，可能導致資料遺失
     1>c:\users\scoly\desktop\gpa-01-robot\robot_panda\robot_panda\robotpanda.cpp(310): warning C4305: '引數' : 從 'double' 轉換為 'GLfloat'，是由較大的型別轉換為較小的型別，可能導致資料遺失
     1>c:\users\scoly\desktop\gpa-01-robot\robot_panda\robot_panda\robotpanda.cpp(322): warning C4244: '引數' : 將 'int' 轉換為 'GLfloat'，由於型別不同，可能導致資料遺失
     1>c:\users\scoly\desktop\gpa-01-robot\robot_panda\robot_panda\robotpanda.cpp(341): warning C4305: '正在初始化' : 從 'double' 轉換為 'GLfloat'，是由較大的型別轉換為較小的型別，可能導致資料遺失
     1>c:\users\scoly\desktop\gpa-01-robot\robot_panda\robot_panda\robotpanda.cpp(341): warning C4305: '正在初始化' : 從 'double' 轉換為 'GLfloat'，是由較大的型別轉換為較小的型別，可能導致資料遺失
     1>c:\users\scoly\desktop\gpa-01-robot\robot_panda\robot_panda\robotpanda.cpp(341): warning C4305: '正在初始化' : 從 'double' 轉換為 'GLfloat'，是由較大的型別轉換為較小的型別，可能導致資料遺失
     1>c:\users\scoly\desktop\gpa-01-robot\robot_panda\robot_panda\robotpanda.cpp(342): warning C4305: '正在初始化' : 從 'double' 轉換為 'GLfloat'，是由較大的型別轉換為較小的型別，可能導致資料遺失
     1>c:\users\scoly\desktop\gpa-01-robot\robot_panda\robot_panda\robotpanda.cpp(342): warning C4305: '正在初始化' : 從 'double' 轉換為 'GLfloat'，是由較大的型別轉換為較小的型別，可能導致資料遺失
     1>c:\users\scoly\desktop\gpa-01-robot\robot_panda\robot_panda\robotpanda.cpp(342): warning C4305: '正在初始化' : 從 'double' 轉換為 'GLfloat'，是由較大的型別轉換為較小的型別，可能導致資料遺失
     1>c:\users\scoly\desktop\gpa-01-robot\robot_panda\robot_panda\robotpanda.cpp(343): warning C4305: '正在初始化' : 從 'double' 轉換為 'GLfloat'，是由較大的型別轉換為較小的型別，可能導致資料遺失
     1>c:\users\scoly\desktop\gpa-01-robot\robot_panda\robot_panda\robotpanda.cpp(343): warning C4305: '正在初始化' : 從 'double' 轉換為 'GLfloat'，是由較大的型別轉換為較小的型別，可能導致資料遺失
     1>c:\users\scoly\desktop\gpa-01-robot\robot_panda\robot_panda\robotpanda.cpp(343): warning C4305: '正在初始化' : 從 'double' 轉換為 'GLfloat'，是由較大的型別轉換為較小的型別，可能導致資料遺失
     1>c:\users\scoly\desktop\gpa-01-robot\robot_panda\robot_panda\robotpanda.cpp(361): warning C4305: '正在初始化' : 從 'double' 轉換為 'GLfloat'，是由較大的型別轉換為較小的型別，可能導致資料遺失
     1>c:\users\scoly\desktop\gpa-01-robot\robot_panda\robot_panda\robotpanda.cpp(361): warning C4305: '正在初始化' : 從 'double' 轉換為 'GLfloat'，是由較大的型別轉換為較小的型別，可能導致資料遺失
     1>c:\users\scoly\desktop\gpa-01-robot\robot_panda\robot_panda\robotpanda.cpp(361): warning C4305: '正在初始化' : 從 'double' 轉換為 'GLfloat'，是由較大的型別轉換為較小的型別，可能導致資料遺失
     1>c:\users\scoly\desktop\gpa-01-robot\robot_panda\robot_panda\robotpanda.cpp(362): warning C4305: '正在初始化' : 從 'double' 轉換為 'GLfloat'，是由較大的型別轉換為較小的型別，可能導致資料遺失
     1>c:\users\scoly\desktop\gpa-01-robot\robot_panda\robot_panda\robotpanda.cpp(362): warning C4305: '正在初始化' : 從 'double' 轉換為 'GLfloat'，是由較大的型別轉換為較小的型別，可能導致資料遺失
     1>c:\users\scoly\desktop\gpa-01-robot\robot_panda\robot_panda\robotpanda.cpp(362): warning C4305: '正在初始化' : 從 'double' 轉換為 'GLfloat'，是由較大的型別轉換為較小的型別，可能導致資料遺失
     1>c:\users\scoly\desktop\gpa-01-robot\robot_panda\robot_panda\robotpanda.cpp(392): warning C4996: 'fopen': This function or variable may be unsafe. Consider using fopen_s instead. To disable deprecation, use _CRT_SECURE_NO_WARNINGS. See online help for details.
                 c:\program files (x86)\microsoft visual studio 10.0\vc\include\stdio.h(234) : 請參閱 'fopen' 的宣告
       ManifestResourceCompile:
         所有輸出都是最新的。
       Link:
         C:\Program Files (x86)\Microsoft Visual Studio 10.0\VC\bin\link.exe /ERRORREPORT:PROMPT /OUT:"C:\Users\Scoly\Desktop\GPA-01-Robot\Robot_Panda\Debug\Robot_Panda.exe" /INCREMENTAL /NOLOGO /LIBPATH:..\..\glew /LIBPATH:..\..\freeglut freeglut.lib opengl32.lib glew32.lib kernel32.lib user32.lib gdi32.lib winspool.lib comdlg32.lib advapi32.lib shell32.lib ole32.lib oleaut32.lib uuid.lib odbc32.lib odbccp32.lib /MANIFEST /ManifestFile:"Debug\Robot_Panda.exe.intermediate.manifest" /MANIFESTUAC:"level='asInvoker' uiAccess='false'" /DEBUG /PDB:"C:\Users\Scoly\Desktop\GPA-01-Robot\Robot_Panda\Debug\Robot_Panda.pdb" /SUBSYSTEM:CONSOLE /TLBID:1 /DYNAMICBASE /NXCOMPAT /IMPLIB:"C:\Users\Scoly\Desktop\GPA-01-Robot\Robot_Panda\Debug\Robot_Panda.lib" /MACHINE:X86 Debug\Robot_Panda.exe.embed.manifest.res
         Debug\RobotPanda.obj
       Manifest:
         C:\Program Files (x86)\Microsoft SDKs\Windows\v7.0A\bin\mt.exe /nologo /verbose /out:"Debug\Robot_Panda.exe.embed.manifest" /manifest Debug\Robot_Panda.exe.intermediate.manifest
         所有輸出都是最新的。
       LinkEmbedManifest:
         所有輸出都是最新的。
         Robot_Panda.vcxproj -> C:\Users\Scoly\Desktop\GPA-01-Robot\Robot_Panda\Debug\Robot_Panda.exe
       FinalizeBuildStatus:
         正在刪除檔案 "Debug\Robot_Panda.unsuccessfulbuild"。
         正在變更時間戳記 "Debug\Robot_Panda.lastbuildstate"。
     1>專案 "C:\Users\Scoly\Desktop\GPA-01-Robot\Robot_Panda\Robot_Panda\Robot_Panda.vcxproj" (build 目標) 建置完成。

建置成功。

經過時間 00:00:00.51
